<?xml version="1.0" encoding="UTF-8" ?>
<testsuites>
  <testsuite errors="0" failures="0" hostname="Hennepins-MacBook-Pro.local" id="0" name="BidControllerTests" package="auctionhaus" tests="8" time="2.289" timestamp="2012-03-25T03:42:24">
      <properties />

      <testcase classname="auctionhaus.BidControllerTests" name="testList" time="1.451" />

      <testcase classname="auctionhaus.BidControllerTests" name="testIndex" time="0.151" />

      <testcase classname="auctionhaus.BidControllerTests" name="testCreate" time="0.079" />

      <testcase classname="auctionhaus.BidControllerTests" name="testSave" time="0.233" />

      <testcase classname="auctionhaus.BidControllerTests" name="testShow" time="0.068" />

      <testcase classname="auctionhaus.BidControllerTests" name="testEdit" time="0.063" />

      <testcase classname="auctionhaus.BidControllerTests" name="testUpdate" time="0.112" />

      <testcase classname="auctionhaus.BidControllerTests" name="testDelete" time="0.075" />

      <system-out><![CDATA[]]></system-out>

      <system-err><![CDATA[--Output from testList--
--Output from testIndex--
--Output from testCreate--
--Output from testSave--
--Output from testShow--
--Output from testEdit--
--Output from testUpdate--
--Output from testDelete--
]]></system-err>

  </testsuite>
  <testsuite errors="0" failures="0" hostname="Hennepins-MacBook-Pro.local" id="1" name="BidTests" package="auctionhaus" tests="7" time="0.322" timestamp="2012-03-25T03:42:26">
      <properties />

      <testcase classname="auctionhaus.BidTests" name="testBidNullFieldsCauseError" time="0.083" />

      <testcase classname="auctionhaus.BidTests" name="testBidNonNullFieldsOK" time="0.045" />

      <testcase classname="auctionhaus.BidTests" name="testBidListingNullCausesError" time="0.02" />

      <testcase classname="auctionhaus.BidTests" name="testBidListingNonNullOK" time="0.024" />

      <testcase classname="auctionhaus.BidTests" name="testBidBidderNullCausesError" time="0.019" />

      <testcase classname="auctionhaus.BidTests" name="testBidBidderNonNullOK" time="0.023" />

      <testcase classname="auctionhaus.BidTests" name="testListingHasListOfBids" time="0.065" />

      <system-out><![CDATA[]]></system-out>

      <system-err><![CDATA[--Output from testBidNullFieldsCauseError--
--Output from testBidNonNullFieldsOK--
--Output from testBidListingNullCausesError--
--Output from testBidListingNonNullOK--
--Output from testBidBidderNullCausesError--
--Output from testBidBidderNonNullOK--
--Output from testListingHasListOfBids--
]]></system-err>

  </testsuite>
  <testsuite errors="0" failures="0" hostname="Hennepins-MacBook-Pro.local" id="2" name="CustomerControllerTests" package="auctionhaus" tests="10" time="0.794" timestamp="2012-03-25T03:42:27">
      <properties />

      <testcase classname="auctionhaus.CustomerControllerTests" name="testList" time="0.089" />

      <testcase classname="auctionhaus.CustomerControllerTests" name="testIndex" time="0.057" />

      <testcase classname="auctionhaus.CustomerControllerTests" name="testCreate" time="0.053" />

      <testcase classname="auctionhaus.CustomerControllerTests" name="testSave" time="0.142" />

      <testcase classname="auctionhaus.CustomerControllerTests" name="testShow" time="0.055" />

      <testcase classname="auctionhaus.CustomerControllerTests" name="testEdit" time="0.058" />

      <testcase classname="auctionhaus.CustomerControllerTests" name="testUpdate" time="0.089" />

      <testcase classname="auctionhaus.CustomerControllerTests" name="testDeleteSucceedsForCustomerWithZeroBidsAndZeroListings" time="0.068" />

      <testcase classname="auctionhaus.CustomerControllerTests" name="testDeleteFailsForCustomerWithBids" time="0.077" />

      <testcase classname="auctionhaus.CustomerControllerTests" name="testDeleteFailsForCustomerWithListing" time="0.068" />

      <system-out><![CDATA[]]></system-out>

      <system-err><![CDATA[--Output from testList--
--Output from testIndex--
--Output from testCreate--
--Output from testSave--
--Output from testShow--
--Output from testEdit--
--Output from testUpdate--
--Output from testDeleteSucceedsForCustomerWithZeroBidsAndZeroListings--
--Output from testDeleteFailsForCustomerWithBids--
--Output from testDeleteFailsForCustomerWithListing--
]]></system-err>

  </testsuite>
  <testsuite errors="0" failures="0" hostname="Hennepins-MacBook-Pro.local" id="3" name="CustomerTests" package="auctionhaus" tests="6" time="0.142" timestamp="2012-03-25T03:42:27">
      <properties />

      <testcase classname="auctionhaus.CustomerTests" name="testCustomerNullFieldsCauseError" time="0.022" />

      <testcase classname="auctionhaus.CustomerTests" name="testCustomerNonNullFieldsOK" time="0.02" />

      <testcase classname="auctionhaus.CustomerTests" name="testCustomerEmailOK" time="0.015" />

      <testcase classname="auctionhaus.CustomerTests" name="testCustomerEmailError" time="0.015" />

      <testcase classname="auctionhaus.CustomerTests" name="testCustomerPasswordError" time="0.016" />

      <testcase classname="auctionhaus.CustomerTests" name="testCustomerPasswordOK" time="0.016" />

      <system-out><![CDATA[]]></system-out>

      <system-err><![CDATA[--Output from testCustomerNullFieldsCauseError--
--Output from testCustomerNonNullFieldsOK--
--Output from testCustomerEmailOK--
--Output from testCustomerEmailError--
--Output from testCustomerPasswordError--
--Output from testCustomerPasswordOK--
]]></system-err>

  </testsuite>
  <testsuite errors="0" failures="0" hostname="Hennepins-MacBook-Pro.local" id="4" name="ListingControllerTests" package="auctionhaus" tests="8" time="0.435" timestamp="2012-03-25T03:42:27">
      <properties />

      <testcase classname="auctionhaus.ListingControllerTests" name="testList" time="0.067" />

      <testcase classname="auctionhaus.ListingControllerTests" name="testIndex" time="0.051" />

      <testcase classname="auctionhaus.ListingControllerTests" name="testCreate" time="0.034" />

      <testcase classname="auctionhaus.ListingControllerTests" name="testSave" time="0.056" />

      <testcase classname="auctionhaus.ListingControllerTests" name="testShow" time="0.045" />

      <testcase classname="auctionhaus.ListingControllerTests" name="testEdit" time="0.043" />

      <testcase classname="auctionhaus.ListingControllerTests" name="testUpdate" time="0.06" />

      <testcase classname="auctionhaus.ListingControllerTests" name="testDelete" time="0.05" />

      <system-out><![CDATA[]]></system-out>

      <system-err><![CDATA[--Output from testList--
--Output from testIndex--
--Output from testCreate--
--Output from testSave--
--Output from testShow--
--Output from testEdit--
--Output from testUpdate--
--Output from testDelete--
]]></system-err>

  </testsuite>
  <testsuite errors="0" failures="0" hostname="Hennepins-MacBook-Pro.local" id="5" name="ListingTests" package="auctionhaus" tests="12" time="0.157" timestamp="2012-03-25T03:42:28">
      <properties />

      <testcase classname="auctionhaus.ListingTests" name="testBidBidderNonNullOK" time="0.021" />

      <testcase classname="auctionhaus.ListingTests" name="testRequiredListingFieldsMissingCauseError" time="0.012" />

      <testcase classname="auctionhaus.ListingTests" name="testRequiredListingFieldsOK" time="0.014" />

      <testcase classname="auctionhaus.ListingTests" name="testOptionalListingDescriptionFieldOK" time="0.011" />

      <testcase classname="auctionhaus.ListingTests" name="testListingSellerNullCausesError" time="0.013" />

      <testcase classname="auctionhaus.ListingTests" name="testListingDescriptionFieldOK" time="0.011" />

      <testcase classname="auctionhaus.ListingTests" name="testListingDescriptionFieldOversizeError" time="0.011" />

      <testcase classname="auctionhaus.ListingTests" name="testListingEndDateTimeInFutureOK" time="0.011" />

      <testcase classname="auctionhaus.ListingTests" name="testListingEndDateTimeInPastCausesError" time="0.011" />

      <testcase classname="auctionhaus.ListingTests" name="testListingNameFieldOK" time="0.01" />

      <testcase classname="auctionhaus.ListingTests" name="testListingNameFieldOversizeErrors" time="0.012" />

      <testcase classname="auctionhaus.ListingTests" name="testOptionalWinnerFieldOK" time="0.01" />

      <system-out><![CDATA[]]></system-out>

      <system-err><![CDATA[--Output from testBidBidderNonNullOK--
--Output from testRequiredListingFieldsMissingCauseError--
--Output from testRequiredListingFieldsOK--
--Output from testOptionalListingDescriptionFieldOK--
--Output from testListingSellerNullCausesError--
--Output from testListingDescriptionFieldOK--
--Output from testListingDescriptionFieldOversizeError--
--Output from testListingEndDateTimeInFutureOK--
--Output from testListingEndDateTimeInPastCausesError--
--Output from testListingNameFieldOK--
--Output from testListingNameFieldOversizeErrors--
--Output from testOptionalWinnerFieldOK--
]]></system-err>

  </testsuite>
</testsuites>
